\BOOKMARK [0][-]{chapter*.2}{\376\377\004\022\004\022\004\025\004\024\004\025\004\035\004\030\004\025}{}% 1
\BOOKMARK [0][-]{chapter.1}{\376\377\004\040\004\020\004\027\004\022\004\025\004\024\004\036\004\047\004\035\004\053\004\031\000\040\004\020\004\035\004\020\004\033\004\030\004\027\000\040\004\024\004\020\004\035\004\035\004\053\004\045\000\040\004\041\000\040\004\030\004\041\004\037\004\036\004\033\004\054\004\027\004\036\004\022\004\020\004\035\004\030\004\025\004\034\000\040\000P\000Y\000S\000P\000A\000R\000K}{}% 2
\BOOKMARK [1][-]{section.1.1}{\376\377\004\037\004\076\004\101\004\102\004\060\004\075\004\076\004\062\004\072\004\060\000\040\004\067\004\060\004\064\004\060\004\107\004\070\000\040\004\100\004\060\004\067\004\062\004\065\004\064\004\076\004\107\004\075\004\076\004\063\004\076\000\040\004\060\004\075\004\060\004\073\004\070\004\067\004\060}{chapter.1}% 3
\BOOKMARK [1][-]{section.1.2}{\376\377\004\036\004\077\004\070\004\101\004\060\004\075\004\070\004\065\000\040\004\064\004\060\004\102\004\060\004\101\004\065\004\102\004\060}{chapter.1}% 4
\BOOKMARK [1][-]{section.1.3}{\376\377\004\036\004\077\004\100\004\065\004\064\004\065\004\073\004\065\004\075\004\070\004\065\000\040\004\077\004\100\004\076\004\077\004\103\004\111\004\065\004\075\004\075\004\113\004\105\000\040\004\067\004\075\004\060\004\107\004\065\004\075\004\070\004\071}{chapter.1}% 5
\BOOKMARK [1][-]{section.1.4}{\376\377\004\040\004\060\004\101\004\107\004\065\004\102\000\040\004\072\004\076\004\100\004\100\004\065\004\073\004\117\004\106\004\070\004\070\000\040\004\074\004\065\004\066\004\064\004\103\000\040\004\072\004\076\004\073\004\070\004\107\004\065\004\101\004\102\004\062\004\065\004\075\004\075\004\113\004\074\004\070\000\040\004\077\004\100\004\070\004\067\004\075\004\060\004\072\004\060\004\074\004\070}{chapter.1}% 6
\BOOKMARK [1][-]{section.1.5}{\376\377\004\022\004\113\004\062\004\076\004\064\004\113}{chapter.1}% 7
\BOOKMARK [0][-]{chapter.2}{\376\377\004\034\004\020\004\050\004\030\004\035\004\035\004\036\004\025\000\040\004\036\004\021\004\043\004\047\004\025\004\035\004\030\004\025\000\040\004\035\004\020\000\040\004\021\004\036\004\033\004\054\004\050\004\030\004\045\000\040\004\024\004\020\004\035\004\035\004\053\004\045}{}% 8
\BOOKMARK [1][-]{section.2.1}{\376\377\004\027\004\060\004\064\004\060\004\107\004\060\000\040\004\100\004\065\004\063\004\100\004\065\004\101\004\070\004\070}{chapter.2}% 9
\BOOKMARK [2][-]{subsection.2.1.1}{\376\377\004\037\004\076\004\101\004\102\004\060\004\075\004\076\004\062\004\072\004\060\000\040\004\067\004\060\004\064\004\060\004\107\004\070\000\040\004\100\004\065\004\063\004\100\004\065\004\101\004\101\004\070\004\070}{section.2.1}% 10
\BOOKMARK [2][-]{subsection.2.1.2}{\376\377\004\040\004\065\004\110\004\065\004\075\004\070\004\065\000\040\004\067\004\060\004\064\004\060\004\107\004\070\000\040\004\100\004\065\004\063\004\100\004\065\004\101\004\101\004\070\004\070}{section.2.1}% 11
\BOOKMARK [2][-]{subsection.2.1.3}{\376\377\004\020\004\075\004\060\004\073\004\070\004\067\000\040\004\077\004\076\004\073\004\103\004\107\004\065\004\075\004\075\004\113\004\105\000\040\004\100\004\065\004\067\004\103\004\073\004\114\004\102\004\060\004\102\004\076\004\062}{section.2.1}% 12
\BOOKMARK [1][-]{section.2.2}{\376\377\004\027\004\060\004\064\004\060\004\107\004\060\000\040\004\061\004\070\004\075\004\060\004\100\004\075\004\076\004\071\000\040\004\072\004\073\004\060\004\101\004\101\004\070\004\104\004\070\004\072\004\060\004\106\004\070\004\070}{chapter.2}% 13
\BOOKMARK [2][-]{subsection.2.2.1}{\376\377\004\037\004\076\004\101\004\102\004\060\004\075\004\076\004\062\004\072\004\060\000\040\004\067\004\060\004\064\004\060\004\107\004\070\000\040\004\061\004\070\004\075\004\060\004\100\004\075\004\076\004\071\000\040\004\072\004\073\004\060\004\101\004\101\004\070\004\104\004\070\004\072\004\060\004\106\004\070\004\070}{section.2.2}% 14
\BOOKMARK [2][-]{subsection.2.2.2}{\376\377\004\040\004\065\004\110\004\065\004\075\004\070\004\065\000\040\004\067\004\060\004\064\004\060\004\107\004\070\000\040\004\061\004\070\004\075\004\060\004\100\004\075\004\076\004\071\000\040\004\072\004\073\004\060\004\101\004\101\004\070\004\104\004\070\004\072\004\060\004\106\004\070\004\070}{section.2.2}% 15
\BOOKMARK [2][-]{subsection.2.2.3}{\376\377\004\020\004\075\004\060\004\073\004\070\004\067\000\040\004\077\004\076\004\073\004\103\004\107\004\065\004\075\004\075\004\113\004\105\000\040\004\100\004\065\004\067\004\103\004\073\004\114\004\102\004\060\004\102\004\076\004\062}{section.2.2}% 16
\BOOKMARK [1][-]{section.2.3}{\376\377\004\022\004\113\004\062\004\076\004\064\004\113}{chapter.2}% 17
\BOOKMARK [0][-]{chapter*.6}{\376\377\004\027\004\020\004\032\004\033\004\056\004\047\004\025\004\035\004\030\004\025}{}% 18
\BOOKMARK [0][-]{appendix.A}{\376\377\004\037\004\100\004\070\004\074\004\065\004\100\000\040\004\073\004\070\004\101\004\102\004\070\004\075\004\063\004\060\000\040\004\077\004\100\004\076\004\063\004\100\004\060\004\074\004\074\004\075\004\076\004\063\004\076\000\040\004\072\004\076\004\064\004\060}{}% 19
\BOOKMARK [0][-]{appendix.B}{\376\377\004\037\004\100\004\070\004\074\004\065\004\100\000\040\004\062\004\102\004\076\004\100\004\076\004\063\004\076\000\040\004\077\004\100\004\070\004\073\004\076\004\066\004\065\004\075\004\070\004\117}{}% 20
